e:\networkprog\networkprog\winnetwork\winnetwork\wsaiocpmfc\debug\wsaiocpmfc.pch
e:\networkprog\networkprog\winnetwork\winnetwork\wsaiocpmfc\debug\vc141.pdb
e:\networkprog\networkprog\winnetwork\winnetwork\wsaiocpmfc\debug\vc141.idb
e:\networkprog\networkprog\winnetwork\winnetwork\wsaiocpmfc\debug\stdafx.obj
e:\networkprog\networkprog\winnetwork\winnetwork\wsaiocpmfc\debug\wsaiocpmfcdlg.obj
e:\networkprog\networkprog\winnetwork\winnetwork\wsaiocpmfc\debug\wsaiocpmfc.obj
e:\networkprog\networkprog\winnetwork\winnetwork\wsaiocpmfc\debug\ciocp.obj
e:\networkprog\networkprog\winnetwork\winnetwork\debug\wsaiocpmfc.exe
e:\networkprog\networkprog\winnetwork\winnetwork\debug\wsaiocpmfc.ilk
e:\networkprog\networkprog\winnetwork\winnetwork\debug\wsaiocpmfc.pdb
e:\networkprog\networkprog\winnetwork\winnetwork\wsaiocpmfc\debug\wsaiocpmfc.res
e:\networkprog\networkprog\winnetwork\winnetwork\wsaiocpmfc\debug\ciocp.obj.enc
e:\networkprog\networkprog\winnetwork\winnetwork\wsaiocpmfc\debug\wsaiocpmfc.obj.enc
e:\networkprog\networkprog\winnetwork\winnetwork\wsaiocpmfc\debug\wsaiocpmfcdlg.obj.enc
e:\networkprog\networkprog\winnetwork\winnetwork\wsaiocpmfc\debug\wsaiocpmfc.tlog\cl.command.1.tlog
e:\networkprog\networkprog\winnetwork\winnetwork\wsaiocpmfc\debug\wsaiocpmfc.tlog\cl.read.1.tlog
e:\networkprog\networkprog\winnetwork\winnetwork\wsaiocpmfc\debug\wsaiocpmfc.tlog\cl.write.1.tlog
e:\networkprog\networkprog\winnetwork\winnetwork\wsaiocpmfc\debug\wsaiocpmfc.tlog\link.command.1.tlog
e:\networkprog\networkprog\winnetwork\winnetwork\wsaiocpmfc\debug\wsaiocpmfc.tlog\link.read.1.tlog
e:\networkprog\networkprog\winnetwork\winnetwork\wsaiocpmfc\debug\wsaiocpmfc.tlog\link.write.1.tlog
e:\networkprog\networkprog\winnetwork\winnetwork\wsaiocpmfc\debug\wsaiocpmfc.tlog\rc.command.1.tlog
e:\networkprog\networkprog\winnetwork\winnetwork\wsaiocpmfc\debug\wsaiocpmfc.tlog\rc.read.1.tlog
e:\networkprog\networkprog\winnetwork\winnetwork\wsaiocpmfc\debug\wsaiocpmfc.tlog\rc.write.1.tlog
